<?xml version="1.0" encoding="UTF-8"?>
<testng-results ignored="0" total="2" passed="2" failed="0" skipped="0">
  <reporter-output>
  </reporter-output>
  <suite started-at="2021-09-20T22:36:01 EDT" name="Default suite" finished-at="2021-09-20T22:36:22 EDT" duration-ms="20608">
    <groups>
    </groups>
    <test started-at="2021-09-20T22:36:01 EDT" name="Default test" finished-at="2021-09-20T22:36:22 EDT" duration-ms="20608">
      <class name="testNG.TestNG">
        <test-method is-config="true" signature="config()[pri:0, instance:testNG.TestNG@61230f6a]" started-at="2021-09-20T22:36:01 EDT" name="config" finished-at="2021-09-20T22:36:01 EDT" duration-ms="23" status="PASS">
          <reporter-output>
          </reporter-output>
        </test-method> <!-- config -->
        <test-method is-config="true" signature="launcher()[pri:0, instance:testNG.TestNG@61230f6a]" started-at="2021-09-20T22:36:01 EDT" name="launcher" finished-at="2021-09-20T22:36:05 EDT" duration-ms="3692" status="PASS">
          <reporter-output>
          </reporter-output>
        </test-method> <!-- launcher -->
        <test-method signature="dropDownTest()[pri:1, instance:testNG.TestNG@61230f6a]" started-at="2021-09-20T22:36:05 EDT" name="dropDownTest" finished-at="2021-09-20T22:36:12 EDT" duration-ms="6874" status="PASS">
          <reporter-output>
          </reporter-output>
        </test-method> <!-- dropDownTest -->
        <test-method is-config="true" signature="close()[pri:0, instance:testNG.TestNG@61230f6a]" started-at="2021-09-20T22:36:12 EDT" name="close" finished-at="2021-09-20T22:36:13 EDT" duration-ms="1014" status="PASS">
          <reporter-output>
          </reporter-output>
        </test-method> <!-- close -->
        <test-method is-config="true" signature="launcher()[pri:0, instance:testNG.TestNG@61230f6a]" started-at="2021-09-20T22:36:13 EDT" name="launcher" finished-at="2021-09-20T22:36:15 EDT" duration-ms="1984" status="PASS">
          <reporter-output>
          </reporter-output>
        </test-method> <!-- launcher -->
        <test-method signature="secondPriority()[pri:2, instance:testNG.TestNG@61230f6a]" started-at="2021-09-20T22:36:15 EDT" name="secondPriority" finished-at="2021-09-20T22:36:21 EDT" duration-ms="5919" status="PASS">
          <reporter-output>
          </reporter-output>
        </test-method> <!-- secondPriority -->
        <test-method is-config="true" signature="close()[pri:0, instance:testNG.TestNG@61230f6a]" started-at="2021-09-20T22:36:21 EDT" name="close" finished-at="2021-09-20T22:36:22 EDT" duration-ms="988" status="PASS">
          <reporter-output>
          </reporter-output>
        </test-method> <!-- close -->
      </class> <!-- testNG.TestNG -->
    </test> <!-- Default test -->
  </suite> <!-- Default suite -->
</testng-results>
